<?xml version="1.0" encoding="UTF-8"?>
<!-- Generated by org.testng.reporters.JUnitReportReporter -->
<testsuite skipped="0" hostname="k2annex03" name="com.qa.test.LoginActv8" tests="1" failures="0" timestamp="22 Dec 2018 07:09:09 GMT" time="2.147" errors="0">
  <testcase name="Login" time="2.147" classname="com.qa.test.LoginActv8"/>
</testsuite> <!-- com.qa.test.LoginActv8 -->
